<?xml version="1.0" encoding="UTF-8"?>
<!DOCTYPE suite SYSTEM "http://testng.org/testng-1.0.dtd">
<suite name="All Test Suite">

    <test verbose="2" preserve-order="true" name="Selenium_Automation_Framework">
        <classes>
            <class name= "org.example.tests.sample.TestVwoLogin">
            </class>
        </classes>
    </test>
</suite>